<?xml version="1.0" encoding="UTF-8"?>
<!-- Generated by org.testng.reporters.JUnitReportReporter -->
<testsuite hostname="Techtrails-MacBook-Air.local" failures="0" tests="1" name="com.test.AndriodTest" time="121.162" errors="0" timestamp="2023-12-16T11:26:40 IST" skipped="0">
  <testcase classname="com.test.AndriodTest" name="andriodLaunchTest" time="121.162"/>
  <system-out/>
</testsuite> <!-- com.test.AndriodTest -->
